<?xml version="1.0" encoding="UTF-8"?>
<!-- Generated by org.testng.reporters.JUnitReportReporter -->
<testsuite skipped="0" hostname="Sumedhs-MacBook-Pro.local" name="newTest.newTest" tests="1" failures="0" timestamp="10 Jun 2019 19:34:29 GMT" time="11.685" errors="0">
  <testcase name="f" time="11.685" classname="newTest.newTest"/>
</testsuite> <!-- newTest.newTest -->
