<?xml version="1.0" encoding="UTF-8"?>
<!-- Generated by org.testng.reporters.JUnitReportReporter -->
<testsuite skipped="0" hostname="Sumedhs-MacBook-Pro.local" name="newTest.newTest" tests="1" failures="0" timestamp="10 Jun 2019 20:07:14 GMT" time="10.402" errors="0">
  <testcase name="f" time="10.402" classname="newTest.newTest"/>
</testsuite> <!-- newTest.newTest -->
